/media/wangze1/FAT32_FORMA/Thesis/short_video/frames/video1_xuxin_vs_zhangjike_kuwait_2015/frame_00050.jpg
Offset for s_index 50 is 1081.
Offset for s_index 51 is 1080.
Offset for s_index 52 is 1079.
Offset for s_index 53 is 1076.
Offset for s_index 54 is 1157.
Offset for s_index 55 is 1073.
Offset for s_index 56 is 1072.
Offset for s_index 57 is 1131.
Offset for s_index 58 is 1130.
Offset for s_index 59 is 1129.
Offset for s_index 60 is 1130.
Offset for s_index 61 is 1129.
Offset for s_index 62 is 1142.
Offset for s_index 63 is 1141.
Offset for s_index 64 is 1140.
Offset for s_index 65 is 1139.
Offset for s_index 66 is 1138.
Offset for s_index 67 is 1137.
Offset for s_index 68 is 1137.
Offset for s_index 69 is 1135.
Offset for s_index 70 is 1134.
Offset for s_index 71 is 1133.
Offset for s_index 72 is 1193.
Offset for s_index 73 is 1192.
Offset for s_index 74 is 1190.
Offset for s_index 75 is 1189.
Offset for s_index 76 is 1188.
Offset for s_index 77 is 1190.
Offset for s_index 78 is 1190.
Offset for s_index 79 is 1212.
Offset for s_index 80 is 1211.
Offset for s_index 81 is 1209.
Offset for s_index 82 is 1209.
Offset for s_index 83 is 1208.
Offset for s_index 84 is 1297.
Offset for s_index 85 is 1296.
Offset for s_index 86 is 1295.
Offset for s_index 87 is 1294.
Offset for s_index 88 is 1293.
Offset for s_index 89 is 1293.
==========BELOW IS THE FRAME MATCHING==========
50	1131
51	1131
52	1131
53	1129
54	1211
55	1128
56	1128
57	1188
58	1188
59	1188
60	1190
61	1190
62	1204
63	1204
64	1204
65	1204
66	1204
67	1204
68	1205
69	1204
70	1204
71	1204
72	1265
73	1265
74	1264
75	1264
76	1264
77	1267
78	1268
79	1291
80	1291
81	1290
82	1291
83	1291
84	1381
85	1381
86	1381
87	1381
88	1381
89	1382
TOTAL EXECUTION TIME:1344.24624419 seconds
