/media/wangze1/FAT32_FORMA/Thesis/short_video/frames_with_edges/video1_xuxin_vs_zhangjike_kuwait_2015/frame_00050.jpg
Offset for s_index 50 is 1097.
Offset for s_index 51 is 1096.
Offset for s_index 52 is 1095.
Offset for s_index 53 is 1198.
Offset for s_index 54 is 1197.
Offset for s_index 55 is 1196.
Offset for s_index 56 is 1238.
Offset for s_index 57 is 1237.
Offset for s_index 58 is 1236.
Offset for s_index 59 is 1191.
Offset for s_index 60 is 1234.
Offset for s_index 61 is 1233.
Offset for s_index 62 is 1232.
Offset for s_index 63 is 1231.
Offset for s_index 64 is 1230.
Offset for s_index 65 is 1229.
Offset for s_index 66 is 1324.
Offset for s_index 67 is 1323.
Offset for s_index 68 is 1361.
Offset for s_index 69 is 1360.
Offset for s_index 70 is 1359.
Offset for s_index 71 is 1358.
Offset for s_index 72 is 1357.
Offset for s_index 73 is 1356.
Offset for s_index 74 is 1437.
Offset for s_index 75 is 1436.
Offset for s_index 76 is 1435.
Offset for s_index 77 is 1434.
Offset for s_index 78 is 1433.
Offset for s_index 79 is 1379.
Offset for s_index 80 is 1516.
Offset for s_index 81 is 1460.
Offset for s_index 82 is 1459.
Offset for s_index 83 is 1457.
Offset for s_index 84 is 1575.
Offset for s_index 85 is 1573.
Offset for s_index 86 is 1572.
Offset for s_index 87 is 1571.
Offset for s_index 88 is 1571.
Offset for s_index 89 is 1570.
==========BELOW IS THE FRAME MATCHING==========
50	1147
51	1147
52	1147
53	1251
54	1251
55	1251
56	1294
57	1294
58	1294
59	1250
60	1294
61	1294
62	1294
63	1294
64	1294
65	1294
66	1390
67	1390
68	1429
69	1429
70	1429
71	1429
72	1429
73	1429
74	1511
75	1511
76	1511
77	1511
78	1511
79	1458
80	1596
81	1541
82	1541
83	1540
84	1659
85	1658
86	1658
87	1658
88	1659
89	1659
TOTAL EXECUTION TIME:14.2799239159 seconds
